SplitPay_Phase3/SplitPay/app/build/outputs/apk/manifest-merger-debug-report.txt
-- Merging decision tree log ---
manifest
ADDED from AndroidManifest.xml:2:1
	package
		ADDED from AndroidManifest.xml:3:5
		INJECTED from AndroidManifest.xml:0:0
		INJECTED from AndroidManifest.xml:0:0
	android:versionName
		INJECTED from AndroidManifest.xml:0:0
		INJECTED from AndroidManifest.xml:0:0
	xmlns:android
		ADDED from AndroidManifest.xml:2:11
	android:versionCode
		INJECTED from AndroidManifest.xml:0:0
		INJECTED from AndroidManifest.xml:0:0
uses-permission#android.permission.INTERNET
ADDED from AndroidManifest.xml:5:5
	android:name
		ADDED from AndroidManifest.xml:5:22
uses-permission#android.permission.SEND_SMS
ADDED from AndroidManifest.xml:6:5
	android:name
		ADDED from AndroidManifest.xml:6:22
uses-permission#android.permission.READ_CONTACTS
ADDED from AndroidManifest.xml:7:5
	android:name
		ADDED from AndroidManifest.xml:7:22
supports-screens
ADDED from AndroidManifest.xml:9:5
	android:largeScreens
		ADDED from AndroidManifest.xml:11:9
	android:smallScreens
		ADDED from AndroidManifest.xml:13:9
	android:normalScreens
		ADDED from AndroidManifest.xml:12:9
	android:anyDensity
		ADDED from AndroidManifest.xml:10:9
application
ADDED from AndroidManifest.xml:15:5
MERGED from com.android.support:appcompat-v7:21.0.3:16:5
MERGED from com.android.support:support-v4:21.0.3:16:5
	android:label
		ADDED from AndroidManifest.xml:18:9
	android:allowBackup
		ADDED from AndroidManifest.xml:16:9
	android:icon
		ADDED from AndroidManifest.xml:17:9
	android:theme
		ADDED from AndroidManifest.xml:19:9
activity#com.cs442.project.splitpay.SplashActivity
ADDED from AndroidManifest.xml:20:9
	android:configChanges
		ADDED from AndroidManifest.xml:22:13
	android:name
		ADDED from AndroidManifest.xml:21:13
intent-filter#android.intent.action.MAIN+android.intent.category.LAUNCHER
ADDED from AndroidManifest.xml:23:9
action#android.intent.action.MAIN
ADDED from AndroidManifest.xml:24:13
	android:name
		ADDED from AndroidManifest.xml:24:21
category#android.intent.category.LAUNCHER
ADDED from AndroidManifest.xml:25:13
	android:name
		ADDED from AndroidManifest.xml:25:23
activity#com.cs442.project.splitpay.LoginActivity
ADDED from AndroidManifest.xml:28:9
	android:label
		ADDED from AndroidManifest.xml:30:13
	android:name
		ADDED from AndroidManifest.xml:29:13
activity#com.cs442.project.splitpay.Registration
ADDED from AndroidManifest.xml:33:9
	android:label
		ADDED from AndroidManifest.xml:35:13
	android:parentActivityName
		ADDED from AndroidManifest.xml:36:13
	android:name
		ADDED from AndroidManifest.xml:34:13
activity#com.cs442.project.splitpay.Groups_Reg
ADDED from AndroidManifest.xml:38:9
	android:label
		ADDED from AndroidManifest.xml:40:13
	android:configChanges
		ADDED from AndroidManifest.xml:41:13
	android:name
		ADDED from AndroidManifest.xml:39:13
activity#com.cs442.project.splitpay.Members
ADDED from AndroidManifest.xml:43:9
	android:label
		ADDED from AndroidManifest.xml:45:13
	android:parentActivityName
		ADDED from AndroidManifest.xml:46:13
	android:name
		ADDED from AndroidManifest.xml:44:13
uses-sdk
INJECTED from AndroidManifest.xml:0:0 reason: use-sdk injection requested
MERGED from com.android.support:appcompat-v7:21.0.3:15:5
MERGED from com.android.support:support-v4:21.0.3:15:5
	android:targetSdkVersion
		INJECTED from AndroidManifest.xml:0:0
		INJECTED from AndroidManifest.xml:0:0
	android:minSdkVersion
		INJECTED from AndroidManifest.xml:0:0
		INJECTED from AndroidManifest.xml:0:0